<?xml version="1.0" encoding="UTF-8"?>
<!-- Generated by org.testng.reporters.JUnitXMLReporter -->
<testsuite ignored="0" hostname="opuzaman-Aspire-V3-575" failures="1" tests="1" name="Surefire test" time="2.113" errors="0" timestamp="10 Aug. 2020 02:39:14 GMT">
  <testcase classname="AppTest" name="simple_get_test" time="2.084">
    <failure type="java.lang.AssertionError" message="1 expectation failed.
JSON path data doesn&amp;apos;t match.
Expected: (a collection containing &amp;quot;employee_name&amp;quot;)
  Actual: [{profile_image=, employee_name=Tiger Nixon, employee_salary=320800, id=1, employee_age=61}, {profile_image=, employee_name=Garrett Winters, employee_salary=170750, id=2, employee_age=63}, {profile_image=, employee_name=Ashton Cox, employee_salary=86000, id=3, employee_age=66}, {profile_image=, employee_name=Cedric Kelly, employee_salary=433060, id=4, employee_age=22}, {profile_image=, employee_name=Airi Satou, employee_salary=162700, id=5, employee_age=33}, {profile_image=, employee_name=Brielle Williamson, employee_salary=372000, id=6, employee_age=61}, {profile_image=, employee_name=Herrod Chandler, employee_salary=137500, id=7, employee_age=59}, {profile_image=, employee_name=Rhona Davidson, employee_salary=327900, id=8, employee_age=55}, {profile_image=, employee_name=Colleen Hurst, employee_salary=205500, id=9, employee_age=39}, {profile_image=, employee_name=Sonya Frost, employee_salary=103600, id=10, employee_age=23}, {profile_image=, employee_name=Jena Gaines, employee_salary=90560, id=11, employee_age=30}, {profile_image=, employee_name=Quinn Flynn, employee_salary=342000, id=12, employee_age=22}, {profile_image=, employee_name=Charde Marshall, employee_salary=470600, id=13, employee_age=36}, {profile_image=, employee_name=Haley Kennedy, employee_salary=313500, id=14, employee_age=43}, {profile_image=, employee_name=Tatyana Fitzpatrick, employee_salary=385750, id=15, employee_age=19}, {profile_image=, employee_name=Michael Silva, employee_salary=198500, id=16, employee_age=66}, {profile_image=, employee_name=Paul Byrd, employee_salary=725000, id=17, employee_age=64}, {profile_image=, employee_name=Gloria Little, employee_salary=237500, id=18, employee_age=59}, {profile_image=, employee_name=Bradley Greer, employee_salary=132000, id=19, employee_age=41}, {profile_image=, employee_name=Dai Rios, employee_salary=217500, id=20, employee_age=35}, {profile_image=, employee_name=Jenette Caldwell, employee_salary=345000, id=21, employee_age=30}, {profile_image=, employee_name=Yuri Berry, employee_salary=675000, id=22, employee_age=40}, {profile_image=, employee_name=Caesar Vance, employee_salary=106450, id=23, employee_age=21}, {profile_image=, employee_name=Doris Wilder, employee_salary=85600, id=24, employee_age=23}]
">
      <![CDATA[java.lang.AssertionError: 1 expectation failed.
JSON path data doesn't match.
Expected: (a collection containing "employee_name")
  Actual: [{profile_image=, employee_name=Tiger Nixon, employee_salary=320800, id=1, employee_age=61}, {profile_image=, employee_name=Garrett Winters, employee_salary=170750, id=2, employee_age=63}, {profile_image=, employee_name=Ashton Cox, employee_salary=86000, id=3, employee_age=66}, {profile_image=, employee_name=Cedric Kelly, employee_salary=433060, id=4, employee_age=22}, {profile_image=, employee_name=Airi Satou, employee_salary=162700, id=5, employee_age=33}, {profile_image=, employee_name=Brielle Williamson, employee_salary=372000, id=6, employee_age=61}, {profile_image=, employee_name=Herrod Chandler, employee_salary=137500, id=7, employee_age=59}, {profile_image=, employee_name=Rhona Davidson, employee_salary=327900, id=8, employee_age=55}, {profile_image=, employee_name=Colleen Hurst, employee_salary=205500, id=9, employee_age=39}, {profile_image=, employee_name=Sonya Frost, employee_salary=103600, id=10, employee_age=23}, {profile_image=, employee_name=Jena Gaines, employee_salary=90560, id=11, employee_age=30}, {profile_image=, employee_name=Quinn Flynn, employee_salary=342000, id=12, employee_age=22}, {profile_image=, employee_name=Charde Marshall, employee_salary=470600, id=13, employee_age=36}, {profile_image=, employee_name=Haley Kennedy, employee_salary=313500, id=14, employee_age=43}, {profile_image=, employee_name=Tatyana Fitzpatrick, employee_salary=385750, id=15, employee_age=19}, {profile_image=, employee_name=Michael Silva, employee_salary=198500, id=16, employee_age=66}, {profile_image=, employee_name=Paul Byrd, employee_salary=725000, id=17, employee_age=64}, {profile_image=, employee_name=Gloria Little, employee_salary=237500, id=18, employee_age=59}, {profile_image=, employee_name=Bradley Greer, employee_salary=132000, id=19, employee_age=41}, {profile_image=, employee_name=Dai Rios, employee_salary=217500, id=20, employee_age=35}, {profile_image=, employee_name=Jenette Caldwell, employee_salary=345000, id=21, employee_age=30}, {profile_image=, employee_name=Yuri Berry, employee_salary=675000, id=22, employee_age=40}, {profile_image=, employee_name=Caesar Vance, employee_salary=106450, id=23, employee_age=21}, {profile_image=, employee_name=Doris Wilder, employee_salary=85600, id=24, employee_age=23}]

at org.codehaus.groovy.runtime.callsite.ConstructorSite$ConstructorSiteNoUnwrap.callConstructor(ConstructorSite.java:84)
at org.codehaus.groovy.runtime.callsite.CallSiteArray.defaultCallConstructor(CallSiteArray.java:60)
at org.codehaus.groovy.runtime.callsite.AbstractCallSite.callConstructor(AbstractCallSite.java:235)
at org.codehaus.groovy.runtime.callsite.AbstractCallSite.callConstructor(AbstractCallSite.java:247)
at io.restassured.internal.ResponseSpecificationImpl$HamcrestAssertionClosure.validate(ResponseSpecificationImpl.groovy:483)
at io.restassured.internal.ResponseSpecificationImpl$HamcrestAssertionClosure$validate$1.call(Unknown Source)
at io.restassured.internal.ResponseSpecificationImpl.validateResponseIfRequired(ResponseSpecificationImpl.groovy:655)
at org.codehaus.groovy.runtime.callsite.PogoMetaMethodSite$PogoCachedMethodSiteNoUnwrapNoCoerce.invoke(PogoMetaMethodSite.java:210)
at org.codehaus.groovy.runtime.callsite.PogoMetaMethodSite.callCurrent(PogoMetaMethodSite.java:59)
at org.codehaus.groovy.runtime.callsite.CallSiteArray.defaultCallCurrent(CallSiteArray.java:52)
at org.codehaus.groovy.runtime.callsite.AbstractCallSite.callCurrent(AbstractCallSite.java:154)
at org.codehaus.groovy.runtime.callsite.AbstractCallSite.callCurrent(AbstractCallSite.java:166)
at io.restassured.internal.ResponseSpecificationImpl.content(ResponseSpecificationImpl.groovy:275)
at io.restassured.specification.ResponseSpecification$content$1.callCurrent(Unknown Source)
at org.codehaus.groovy.runtime.callsite.CallSiteArray.defaultCallCurrent(CallSiteArray.java:52)
at org.codehaus.groovy.runtime.callsite.AbstractCallSite.callCurrent(AbstractCallSite.java:154)
at org.codehaus.groovy.runtime.callsite.AbstractCallSite.callCurrent(AbstractCallSite.java:190)
at io.restassured.internal.ResponseSpecificationImpl.body(ResponseSpecificationImpl.groovy:258)
at io.restassured.internal.ValidatableResponseOptionsImpl.body(ValidatableResponseOptionsImpl.java:274)
at AppTest.simple_get_test(AppTest.java:26)
... Removed 40 stack frames]]>
    </failure>
  </testcase> <!-- simple_get_test -->
</testsuite> <!-- Surefire test -->
